nohup: ignoring input

[1/12] CoCoLasso | AR | additive | τ=0.75
  MC=10/100  C=3  IC=12  PE=2.7771  SE=2.9398  (41.3s)
  MC=20/100  C=3  IC=9  PE=6.1897  SE=6.1506  (62.4s)
  MC=30/100  C=3  IC=6  PE=5.9379  SE=5.4008  (54.2s)
  MC=40/100  C=3  IC=15  PE=6.9796  SE=6.1095  (39.4s)
  MC=50/100  C=2  IC=2  PE=10.5338  SE=8.5342  (49.5s)
  MC=60/100  C=3  IC=8  PE=4.1623  SE=4.4938  (64.5s)
  MC=70/100  C=3  IC=6  PE=3.7436  SE=6.5570  (62.0s)
  MC=80/100  C=3  IC=3  PE=3.4989  SE=3.8628  (51.3s)
  MC=90/100  C=3  IC=11  PE=7.3771  SE=5.7688  (33.0s)
  MC=100/100  C=3  IC=3  PE=7.1115  SE=5.5538  (51.1s)
  => C_median=3.0  IC_median=5.5  PE_median=4.4233  SE_median=4.1250  [总耗时: 88.1min]

[2/12] CoCoLasso | AR | additive | τ=1.0
  MC=10/100  C=3  IC=9  PE=3.4787  SE=3.8639  (52.1s)
  MC=20/100  C=3  IC=7  PE=9.3565  SE=8.3694  (56.8s)
  MC=30/100  C=3  IC=15  PE=8.3283  SE=8.1876  (53.7s)
  MC=40/100  C=2  IC=3  PE=12.5342  SE=9.6722  (68.0s)
  MC=50/100  C=2  IC=3  PE=11.1337  SE=9.7109  (52.9s)
  MC=60/100  C=3  IC=12  PE=6.8119  SE=7.7549  (47.1s)
  MC=70/100  C=3  IC=7  PE=5.9977  SE=9.2781  (52.4s)
  MC=80/100  C=3  IC=4  PE=5.8527  SE=5.3854  (71.1s)
  MC=90/100  C=3  IC=7  PE=9.8674  SE=7.5065  (41.9s)
  MC=100/100  C=2  IC=1  PE=12.6118  SE=9.5165  (63.3s)
  => C_median=3.0  IC_median=5.0  PE_median=7.2986  SE_median=6.4603  [总耗时: 177.5min]

[3/12] CoCoLasso | AR | additive | τ=1.25
  MC=10/100  C=3  IC=6  PE=6.4014  SE=5.1030  (46.5s)
  MC=20/100  C=2  IC=6  PE=11.2514  SE=9.6928  (51.6s)
  MC=30/100  C=2  IC=10  PE=11.6291  SE=10.3014  (48.7s)
  MC=40/100  C=2  IC=3  PE=14.2746  SE=10.7784  (54.2s)
  MC=50/100  C=2  IC=9  PE=14.6828  SE=12.0868  (50.2s)
  MC=60/100  C=2  IC=7  PE=7.7893  SE=8.5235  (89.0s)
  MC=70/100  C=2  IC=2  PE=8.7198  SE=10.9380  (46.4s)
  MC=80/100  C=3  IC=8  PE=5.0171  SE=5.4302  (61.9s)
  MC=90/100  C=2  IC=7  PE=11.6944  SE=8.6831  (47.7s)
  MC=100/100  C=2  IC=1  PE=14.2460  SE=10.5626  (60.8s)
  => C_median=2.5  IC_median=4.5  PE_median=10.6206  SE_median=9.0353  [总耗时: 265.1min]

[4/12] CoCoLasso | AR | multiplicative | τ=0.25
  MC=10/100  C=3  IC=37  PE=3.2437  SE=3.7406  (33.6s)
  MC=20/100  C=3  IC=14  PE=1.5883  SE=1.2083  (24.5s)
  MC=30/100  C=3  IC=18  PE=1.9696  SE=1.9137  (27.6s)
  MC=40/100  C=3  IC=12  PE=1.1047  SE=0.8804  (30.7s)
  MC=50/100  C=3  IC=51  PE=5.0238  SE=4.9458  (28.7s)
  MC=60/100  C=3  IC=8  PE=1.3232  SE=1.6528  (25.7s)
  MC=70/100  C=3  IC=11  PE=0.8885  SE=0.9849  (29.4s)
  MC=80/100  C=3  IC=28  PE=2.8490  SE=3.8833  (27.8s)
  MC=90/100  C=3  IC=11  PE=2.8232  SE=2.3229  (29.9s)
  MC=100/100  C=3  IC=8  PE=3.3016  SE=2.2614  (26.5s)
  => C_median=3.0  IC_median=8.0  PE_median=1.8657  SE_median=1.6436  [总耗时: 311.6min]

[5/12] CoCoLasso | AR | multiplicative | τ=0.5
  MC=10/100  C=3  IC=19  PE=2.4237  SE=3.1547  (58.0s)
  MC=20/100  C=3  IC=17  PE=4.3630  SE=3.6977  (58.4s)
  MC=30/100  C=3  IC=7  PE=2.3717  SE=2.3711  (55.1s)
  MC=40/100  C=3  IC=14  PE=1.8158  SE=1.5599  (50.5s)
  MC=50/100  C=3  IC=12  PE=3.7011  SE=3.0165  (50.9s)
  MC=60/100  C=3  IC=1  PE=1.8550  SE=1.8760  (50.1s)
  MC=70/100  C=3  IC=9  PE=1.8499  SE=2.6559  (49.9s)
  MC=80/100  C=3  IC=40  PE=6.7861  SE=8.3536  (48.8s)
  MC=90/100  C=3  IC=7  PE=3.3002  SE=3.0539  (60.2s)
  MC=100/100  C=3  IC=7  PE=5.3975  SE=4.1919  (48.5s)
  => C_median=3.0  IC_median=6.0  PE_median=2.5859  SE_median=2.5317  [总耗时: 398.0min]

[6/12] CoCoLasso | AR | multiplicative | τ=0.75
  MC=10/100  C=3  IC=5  PE=3.4022  SE=4.2065  (62.9s)
  MC=20/100  C=3  IC=12  PE=7.1820  SE=5.9146  (46.6s)
  MC=30/100  C=3  IC=7  PE=4.7677  SE=5.6785  (48.4s)
  MC=40/100  C=3  IC=3  PE=4.5010  SE=3.3986  (43.1s)
  MC=50/100  C=2  IC=0  PE=10.7310  SE=9.2174  (48.1s)
  MC=60/100  C=3  IC=1  PE=2.4548  SE=2.1779  (47.0s)
  MC=70/100  C=3  IC=10  PE=3.1714  SE=4.1637  (38.1s)
  MC=80/100  C=3  IC=24  PE=6.1708  SE=7.4024  (36.2s)
  MC=90/100  C=2  IC=2  PE=7.2224  SE=6.3666  (61.4s)
  MC=100/100  C=3  IC=14  PE=7.6534  SE=8.4318  (34.4s)
  => C_median=3.0  IC_median=3.0  PE_median=4.7009  SE_median=4.1907  [总耗时: 473.5min]

[7/12] CoCoLasso | CS | additive | τ=0.75
  MC=10/100  C=3  IC=14  PE=3.9064  SE=7.0756  (63.1s)
  MC=20/100  C=2  IC=12  PE=5.9643  SE=10.7025  (52.3s)
  MC=30/100  C=2  IC=16  PE=4.6064  SE=8.8893  (49.5s)
  MC=40/100  C=2  IC=17  PE=5.0186  SE=10.0047  (71.8s)
  MC=50/100  C=2  IC=20  PE=7.9551  SE=11.4031  (52.8s)
  MC=60/100  C=3  IC=13  PE=3.5430  SE=7.0727  (76.2s)
  MC=70/100  C=3  IC=11  PE=4.5022  SE=9.0036  (52.5s)
  MC=80/100  C=2  IC=14  PE=4.5368  SE=8.0890  (50.1s)
  MC=90/100  C=2  IC=23  PE=6.2883  SE=11.8950  (43.5s)
  MC=100/100  C=1  IC=19  PE=5.0037  SE=9.9978  (44.2s)
  => C_median=3.0  IC_median=15.0  PE_median=4.9403  SE_median=8.8897  [总耗时: 563.7min]

[8/12] CoCoLasso | CS | additive | τ=1.0
  MC=10/100  C=3  IC=18  PE=4.7081  SE=8.4861  (59.1s)
  MC=20/100  C=2  IC=15  PE=7.1594  SE=12.7997  (41.6s)
  MC=30/100  C=2  IC=24  PE=6.0634  SE=11.2465  (51.1s)
  MC=40/100  C=2  IC=31  PE=6.0927  SE=12.1853  (59.2s)
  MC=50/100  C=2  IC=19  PE=9.9128  SE=13.5657  (47.7s)
  MC=60/100  C=2  IC=22  PE=5.0066  SE=9.7619  (67.5s)
  MC=70/100  C=2  IC=16  PE=6.4628  SE=12.9087  (46.2s)
  MC=80/100  C=2  IC=16  PE=5.5136  SE=9.4743  (44.4s)
  MC=90/100  C=2  IC=25  PE=7.4205  SE=14.2531  (41.7s)
  MC=100/100  C=1  IC=20  PE=6.2861  SE=12.5691  (41.6s)
  => C_median=2.0  IC_median=16.0  PE_median=6.6977  SE_median=12.1238  [总耗时: 655.8min]

[9/12] CoCoLasso | CS | additive | τ=1.25
  MC=10/100  C=3  IC=12  PE=8.5806  SE=8.5603  (59.6s)
  MC=20/100  C=2  IC=14  PE=8.2044  SE=14.8594  (50.1s)
  MC=30/100  C=1  IC=24  PE=7.1352  SE=12.6866  (52.5s)
  MC=40/100  C=1  IC=36  PE=7.2471  SE=14.3207  (71.5s)
  MC=50/100  C=2  IC=14  PE=13.9775  SE=15.2345  (49.0s)
  MC=60/100  C=1  IC=21  PE=6.3310  SE=10.8954  (47.1s)
  MC=70/100  C=2  IC=16  PE=6.6317  SE=12.7564  (59.5s)
  MC=80/100  C=2  IC=20  PE=6.2070  SE=10.6519  (47.6s)
  MC=90/100  C=1  IC=24  PE=8.2420  SE=15.1796  (61.6s)
  MC=100/100  C=1  IC=16  PE=7.8444  SE=14.8447  (60.2s)
  => C_median=2.0  IC_median=18.0  PE_median=8.0229  SE_median=13.8691  [总耗时: 747.0min]

[10/12] CoCoLasso | CS | multiplicative | τ=0.25
  MC=10/100  C=3  IC=10  PE=1.5107  SE=2.9025  (29.8s)
  MC=20/100  C=3  IC=10  PE=2.4575  SE=3.7578  (27.8s)
  MC=30/100  C=3  IC=10  PE=2.9536  SE=3.8981  (31.5s)
  MC=40/100  C=3  IC=25  PE=3.6082  SE=7.1139  (26.6s)
  MC=50/100  C=3  IC=11  PE=3.0857  SE=4.6656  (30.8s)
  MC=60/100  C=3  IC=14  PE=1.1700  SE=2.3395  (30.7s)
  MC=70/100  C=3  IC=10  PE=2.5130  SE=4.3550  (26.0s)
  MC=80/100  C=2  IC=21  PE=3.1162  SE=6.1995  (25.0s)
  MC=90/100  C=3  IC=14  PE=2.5862  SE=4.9931  (26.5s)
  MC=100/100  C=2  IC=12  PE=2.6877  SE=5.1726  (29.0s)
  => C_median=3.0  IC_median=12.0  PE_median=2.0048  SE_median=3.6509  [总耗时: 795.5min]

[11/12] CoCoLasso | CS | multiplicative | τ=0.5
  MC=10/100  C=3  IC=12  PE=2.9319  SE=4.6921  (44.5s)
  MC=20/100  C=2  IC=13  PE=4.9478  SE=8.5970  (52.8s)
  MC=30/100  C=3  IC=14  PE=5.1251  SE=6.2669  (47.3s)
  MC=40/100  C=3  IC=20  PE=4.5168  SE=9.0337  (38.8s)
  MC=50/100  C=3  IC=12  PE=4.1062  SE=6.4028  (50.1s)
  MC=60/100  C=3  IC=15  PE=2.1809  SE=4.3458  (49.3s)
  MC=70/100  C=3  IC=13  PE=4.2049  SE=6.7823  (46.6s)
  MC=80/100  C=2  IC=20  PE=5.1216  SE=10.1922  (47.9s)
  MC=90/100  C=2  IC=22  PE=3.9657  SE=7.4403  (48.7s)
  MC=100/100  C=2  IC=11  PE=2.5848  SE=4.5012  (45.0s)
  => C_median=3.0  IC_median=12.0  PE_median=3.1011  SE_median=5.8457  [总耗时: 875.5min]

[12/12] CoCoLasso | CS | multiplicative | τ=0.75
  MC=10/100  C=1  IC=11  PE=6.6880  SE=8.8302  (37.6s)
  MC=20/100  C=1  IC=16  PE=7.0077  SE=13.0311  (28.7s)
  MC=30/100  C=3  IC=12  PE=7.6384  SE=10.4107  (37.4s)
  MC=40/100  C=3  IC=14  PE=6.9324  SE=13.6926  (39.6s)
  MC=50/100  C=3  IC=14  PE=5.8506  SE=8.5207  (46.6s)
  MC=60/100  C=3  IC=14  PE=5.5533  SE=11.0986  (23.8s)
  MC=70/100  C=2  IC=17  PE=6.3710  SE=11.4543  (25.9s)
  MC=80/100  C=1  IC=13  PE=6.1563  SE=11.9908  (41.9s)
  MC=90/100  C=1  IC=16  PE=6.3198  SE=11.4413  (41.8s)
  MC=100/100  C=2  IC=16  PE=3.1508  SE=5.6031  (22.9s)
  => C_median=2.0  IC_median=13.0  PE_median=5.0810  SE_median=9.2881  [总耗时: 934.9min]

结果已保存至: /root/git_projects/cocolasso/results/simulation_results.csv
   Method CovType      ErrorType  Tau  C_median     C_se  IC_median    IC_se  PE_median    PE_se  SE_median    SE_se
CoCoLasso      AR       additive 0.75       3.0 0.000000        5.5 0.638262   4.423316 0.293140   4.124952 0.204052
CoCoLasso      AR       additive 1.00       3.0 0.000000        5.0 0.774428   7.298614 0.225032   6.460275 0.279495
CoCoLasso      AR       additive 1.25       2.5 0.477714        4.5 0.680808  10.620585 0.365738   9.035322 0.295699
CoCoLasso      AR multiplicative 0.25       3.0 0.000000        8.0 1.032703   1.865699 0.087972   1.643649 0.081231
CoCoLasso      AR multiplicative 0.50       3.0 0.000000        6.0 0.723792   2.585875 0.112879   2.531719 0.168576
CoCoLasso      AR multiplicative 0.75       3.0 0.000000        3.0 0.514178   4.700937 0.276483   4.190677 0.298046
CoCoLasso      CS       additive 0.75       3.0 0.273013       15.0 0.575413   4.940294 0.207001   8.889660 0.361267
CoCoLasso      CS       additive 1.00       2.0 0.000000       16.0 0.768763   6.697667 0.238061  12.123850 0.397755
CoCoLasso      CS       additive 1.25       2.0 0.127039       18.0 0.761495   8.022850 0.309250  13.869074 0.409257
CoCoLasso      CS multiplicative 0.25       3.0 0.000000       12.0 0.591628   2.004762 0.133871   3.650870 0.186026
CoCoLasso      CS multiplicative 0.50       3.0 0.000000       12.0 0.277436   3.101101 0.219953   5.845726 0.342001
CoCoLasso      CS multiplicative 0.75       2.0 0.407503       13.0 0.593811   5.081040 0.308992   9.288054 0.401549
