nohup: ignoring input

[1/12] CoCoLasso | AR | additive | τ=0.75
  MC=10/100  C=3  IC=4  SE=2.0569  PE=1.9242  (38.1s)
  MC=20/100  C=3  IC=4  SE=4.8522  PE=4.0861  (39.3s)
  MC=30/100  C=2  IC=0  SE=6.1524  PE=6.8207  (40.6s)
  MC=40/100  C=2  IC=0  SE=7.2072  PE=9.3794  (35.3s)
  MC=50/100  C=2  IC=2  SE=6.3487  PE=7.1646  (42.6s)
  MC=60/100  C=3  IC=2  SE=6.2547  PE=5.2471  (40.3s)
  MC=70/100  C=3  IC=14  SE=9.7611  PE=7.4464  (40.3s)
  MC=80/100  C=3  IC=4  SE=5.5211  PE=3.1673  (34.8s)
  MC=90/100  C=2  IC=3  SE=5.8225  PE=6.9367  (35.6s)
  MC=100/100  C=3  IC=4  SE=3.9413  PE=4.9235  (38.4s)
  => C_median=3.0  IC_median=2.0  SE_median=2.9795  PE_median=2.8645  [总耗时: 63.8min]

[2/12] CoCoLasso | AR | additive | τ=1.0
  MC=10/100  C=3  IC=3  SE=2.9245  PE=2.7421  (45.1s)
  MC=20/100  C=2  IC=3  SE=6.0337  PE=5.3455  (45.1s)
  MC=30/100  C=2  IC=0  SE=7.2951  PE=8.4671  (41.4s)
  MC=40/100  C=2  IC=0  SE=8.9070  PE=12.1880  (42.2s)
  MC=50/100  C=2  IC=3  SE=7.7033  PE=8.3779  (43.7s)
  MC=60/100  C=1  IC=0  SE=6.3016  PE=7.4493  (44.6s)
  MC=70/100  C=3  IC=4  SE=9.7013  PE=5.4329  (43.1s)
  MC=80/100  C=3  IC=4  SE=6.3949  PE=4.0038  (46.6s)
  MC=90/100  C=2  IC=2  SE=5.5415  PE=6.7613  (45.6s)
  MC=100/100  C=2  IC=0  SE=8.3907  PE=10.9996  (46.1s)
  => C_median=3.0  IC_median=2.0  SE_median=4.9534  PE_median=5.0997  [总耗时: 136.5min]

[3/12] CoCoLasso | AR | additive | τ=1.25
  MC=10/100  C=2  IC=0  SE=4.4712  PE=4.4549  (40.8s)
  MC=20/100  C=2  IC=2  SE=6.3605  PE=5.5200  (42.9s)
  MC=30/100  C=2  IC=1  SE=8.8253  PE=10.9158  (41.9s)
  MC=40/100  C=0  IC=0  SE=15.2500  PE=21.2500  (41.2s)
  MC=50/100  C=2  IC=3  SE=9.2471  PE=10.0882  (40.7s)
  MC=60/100  C=1  IC=0  SE=7.0910  PE=9.4459  (40.7s)
  MC=70/100  C=2  IC=0  SE=11.3466  PE=7.2315  (41.1s)
  MC=80/100  C=1  IC=3  SE=7.5555  PE=5.6678  (41.7s)
  MC=90/100  C=2  IC=1  SE=6.2022  PE=7.9271  (42.2s)
  MC=100/100  C=2  IC=0  SE=13.0510  PE=17.8034  (42.5s)
  => C_median=2.0  IC_median=1.0  SE_median=6.8852  PE_median=7.2520  [总耗时: 205.6min]

[4/12] CoCoLasso | AR | multiplicative | τ=0.25
  MC=10/100  C=3  IC=58  SE=7.1352  PE=6.6837  (30.5s)
  MC=20/100  C=3  IC=10  SE=1.0948  PE=1.4455  (13.5s)
  MC=30/100  C=3  IC=27  SE=2.2572  PE=2.3364  (16.9s)
  MC=40/100  C=3  IC=13  SE=0.8755  PE=1.0989  (12.5s)
  MC=50/100  C=3  IC=53  SE=5.1653  PE=5.1284  (33.9s)
  MC=60/100  C=3  IC=2  SE=1.8546  PE=1.5603  (13.0s)
  MC=70/100  C=3  IC=9  SE=0.7894  PE=0.7247  (13.4s)
  MC=80/100  C=3  IC=27  SE=4.0354  PE=2.9517  (19.9s)
  MC=90/100  C=3  IC=23  SE=2.6182  PE=2.8644  (16.1s)
  MC=100/100  C=3  IC=6  SE=2.2241  PE=3.2784  (11.8s)
  => C_median=3.0  IC_median=12.0  SE_median=1.7323  PE_median=1.8395  [总耗时: 230.4min]

[5/12] CoCoLasso | AR | multiplicative | τ=0.5
  MC=10/100  C=3  IC=20  SE=3.1390  PE=2.4627  (24.1s)
  MC=20/100  C=3  IC=14  SE=3.3676  PE=4.1305  (19.2s)
  MC=30/100  C=3  IC=8  SE=2.5744  PE=2.5053  (21.2s)
  MC=40/100  C=3  IC=26  SE=2.2724  PE=2.4355  (21.2s)
  MC=50/100  C=3  IC=14  SE=2.9367  PE=3.6350  (23.6s)
  MC=60/100  C=3  IC=2  SE=2.0649  PE=1.8800  (18.7s)
  MC=70/100  C=3  IC=14  SE=2.8364  PE=2.0210  (19.2s)
  MC=80/100  C=3  IC=28  SE=8.4559  PE=6.5774  (26.7s)
  MC=90/100  C=3  IC=9  SE=3.0581  PE=3.0676  (20.2s)
  MC=100/100  C=3  IC=4  SE=3.9284  PE=5.2380  (15.6s)
  => C_median=3.0  IC_median=9.0  SE_median=2.6461  PE_median=2.5646  [总耗时: 265.6min]

[6/12] CoCoLasso | AR | multiplicative | τ=0.75
  MC=10/100  C=3  IC=5  SE=4.7433  PE=3.1458  (18.7s)
  MC=20/100  C=3  IC=12  SE=6.3762  PE=8.2471  (19.7s)
  MC=30/100  C=3  IC=8  SE=5.3594  PE=5.3114  (19.3s)
  MC=40/100  C=3  IC=0  SE=4.0375  PE=5.4262  (15.7s)
  MC=50/100  C=2  IC=1  SE=8.2738  PE=8.5259  (21.3s)
  MC=60/100  C=3  IC=6  SE=1.8106  PE=1.5403  (19.3s)
  MC=70/100  C=3  IC=15  SE=4.5187  PE=3.2644  (17.3s)
  MC=80/100  C=3  IC=5  SE=7.2570  PE=5.8210  (21.7s)
  MC=90/100  C=3  IC=6  SE=5.1838  PE=4.9769  (18.6s)
  MC=100/100  C=2  IC=10  SE=8.0259  PE=7.2308  (16.1s)
  => C_median=3.0  IC_median=5.0  SE_median=4.3550  PE_median=4.3344  [总耗时: 297.7min]

[7/12] CoCoLasso | CS | additive | τ=0.75
  MC=10/100  C=3  IC=6  SE=7.4070  PE=4.0968  (63.6s)
  MC=20/100  C=2  IC=10  SE=9.4820  PE=5.1191  (80.0s)
  MC=30/100  C=1  IC=11  SE=8.7187  PE=4.7788  (55.5s)
  MC=40/100  C=1  IC=14  SE=10.0930  PE=5.0479  (62.4s)
  MC=50/100  C=2  IC=10  SE=8.9714  PE=5.8276  (59.1s)
  MC=60/100  C=3  IC=9  SE=7.4223  PE=3.7152  (57.9s)
  MC=70/100  C=3  IC=5  SE=6.0891  PE=3.0452  (63.4s)
  MC=80/100  C=2  IC=4  SE=5.2788  PE=2.7634  (64.4s)
  MC=90/100  C=2  IC=11  SE=8.6970  PE=4.5644  (54.7s)
  MC=100/100  C=1  IC=16  SE=11.7670  PE=6.1304  (64.1s)
  => C_median=2.0  IC_median=7.0  SE_median=8.0903  PE_median=4.5034  [总耗时: 395.6min]

[8/12] CoCoLasso | CS | additive | τ=1.0
  MC=10/100  C=3  IC=6  SE=9.3534  PE=5.2449  (60.7s)
  MC=20/100  C=2  IC=8  SE=13.6331  PE=7.5028  (62.6s)
  MC=30/100  C=1  IC=9  SE=10.3553  PE=6.8907  (47.3s)
  MC=40/100  C=1  IC=13  SE=11.2366  PE=5.6185  (59.4s)
  MC=50/100  C=2  IC=10  SE=10.8479  PE=6.8409  (56.6s)
  MC=60/100  C=1  IC=11  SE=8.2036  PE=4.1139  (55.1s)
  MC=70/100  C=2  IC=7  SE=10.3005  PE=5.1573  (63.6s)
  MC=80/100  C=2  IC=5  SE=6.2172  PE=3.3525  (57.3s)
  MC=90/100  C=1  IC=8  SE=14.5646  PE=7.9196  (54.9s)
  MC=100/100  C=1  IC=11  SE=15.0499  PE=7.7788  (58.6s)
  => C_median=2.0  IC_median=7.0  SE_median=11.5154  PE_median=6.4589  [总耗时: 486.6min]

[9/12] CoCoLasso | CS | additive | τ=1.25
  MC=10/100  C=2  IC=3  SE=7.3127  PE=6.2676  (42.1s)
  MC=20/100  C=2  IC=5  SE=20.6761  PE=11.4976  (50.1s)
  MC=30/100  C=1  IC=4  SE=16.2326  PE=19.3636  (37.9s)
  MC=40/100  C=0  IC=9  SE=20.2100  PE=11.4911  (62.3s)
  MC=50/100  C=2  IC=6  SE=14.3015  PE=12.5737  (56.1s)
  MC=60/100  C=1  IC=8  SE=10.0377  PE=5.6453  (52.0s)
  MC=70/100  C=2  IC=4  SE=13.0158  PE=6.6623  (83.2s)
  MC=80/100  C=2  IC=5  SE=7.5381  PE=3.9762  (49.5s)
  MC=90/100  C=1  IC=7  SE=21.9409  PE=11.4332  (50.1s)
  MC=100/100  C=0  IC=7  SE=22.1421  PE=14.6767  (46.7s)
  => C_median=1.0  IC_median=5.0  SE_median=15.6984  PE_median=9.7136  [总耗时: 574.1min]

[10/12] CoCoLasso | CS | multiplicative | τ=0.25
  MC=10/100  C=3  IC=11  SE=2.8498  PE=1.4594  (35.3s)
  MC=20/100  C=3  IC=14  SE=3.6204  PE=1.9681  (39.0s)
  MC=30/100  C=3  IC=10  SE=3.9550  PE=2.5633  (35.4s)
  MC=40/100  C=3  IC=19  SE=6.5339  PE=3.3076  (62.1s)
  MC=50/100  C=3  IC=11  SE=4.5937  PE=2.9757  (28.7s)
  MC=60/100  C=3  IC=14  SE=2.3342  PE=1.1695  (42.7s)
  MC=70/100  C=3  IC=10  SE=4.4584  PE=2.3826  (27.8s)
  MC=80/100  C=2  IC=21  SE=5.8877  PE=2.9460  (48.6s)
  MC=90/100  C=3  IC=21  SE=4.8944  PE=2.4601  (46.1s)
  MC=100/100  C=2  IC=11  SE=5.0363  PE=2.5213  (39.7s)
  => C_median=3.0  IC_median=14.0  SE_median=3.8300  PE_median=1.9889  [总耗时: 651.1min]

[11/12] CoCoLasso | CS | multiplicative | τ=0.5
  MC=10/100  C=3  IC=12  SE=4.4898  PE=2.4531  (39.4s)
  MC=20/100  C=2  IC=20  SE=8.2817  PE=4.2403  (65.0s)
  MC=30/100  C=3  IC=13  SE=5.9307  PE=3.6972  (34.1s)
  MC=40/100  C=3  IC=20  SE=9.0291  PE=4.5147  (63.6s)
  MC=50/100  C=3  IC=12  SE=6.1296  PE=3.8702  (34.2s)
  MC=60/100  C=3  IC=13  SE=3.8414  PE=1.9542  (44.5s)
  MC=70/100  C=2  IC=15  SE=5.5637  PE=2.9439  (40.7s)
  MC=80/100  C=1  IC=16  SE=10.4389  PE=5.2328  (53.3s)
  MC=90/100  C=2  IC=22  SE=7.5129  PE=3.7789  (55.1s)
  MC=100/100  C=2  IC=9  SE=4.2964  PE=2.5208  (31.6s)
  => C_median=3.0  IC_median=13.0  SE_median=5.5979  PE_median=3.0688  [总耗时: 724.3min]

[12/12] CoCoLasso | CS | multiplicative | τ=0.75
  MC=10/100  C=2  IC=13  SE=8.5842  PE=4.4453  (37.5s)
  MC=20/100  C=1  IC=13  SE=12.1941  PE=6.3404  (45.5s)
  MC=30/100  C=3  IC=9  SE=11.0454  PE=6.2093  (33.2s)
  MC=40/100  C=3  IC=12  SE=14.2055  PE=7.2543  (34.4s)
  MC=50/100  C=3  IC=15  SE=7.4429  PE=4.5145  (33.4s)
  MC=60/100  C=3  IC=14  SE=11.0926  PE=5.5748  (43.1s)
  MC=70/100  C=1  IC=9  SE=10.2341  PE=5.6906  (35.1s)
  MC=80/100  C=1  IC=13  SE=11.9355  PE=6.0592  (46.1s)
  MC=90/100  C=1  IC=16  SE=11.7381  PE=6.0557  (52.9s)
  MC=100/100  C=2  IC=5  SE=5.0233  PE=2.7157  (26.4s)
  => C_median=2.0  IC_median=11.0  SE_median=9.0440  PE_median=4.7632  [总耗时: 781.7min]

结果已保存至: /root/git_projects/BDcocolasso/python/simulation_results.csv
   Method CovType      ErrorType  Tau  C_median     C_se  IC_median    IC_se  SE_median    SE_se  PE_median    PE_se
CoCoLasso      AR       additive 0.75       3.0 0.000000        2.0 0.506434   2.979513 0.252334   2.864508 0.232576
CoCoLasso      AR       additive 1.00       3.0 0.143234        2.0 0.346541   4.953365 0.338052   5.099665 0.323190
CoCoLasso      AR       additive 1.25       2.0 0.000000        1.0 0.230009   6.885179 0.364731   7.251974 0.405419
CoCoLasso      AR multiplicative 0.25       3.0 0.000000       12.0 1.457618   1.732338 0.124669   1.839492 0.097293
CoCoLasso      AR multiplicative 0.50       3.0 0.000000        9.0 1.175798   2.646117 0.168924   2.564554 0.164558
CoCoLasso      AR multiplicative 0.75       3.0 0.000000        5.0 0.659948   4.355024 0.228247   4.334372 0.264412
CoCoLasso      CS       additive 0.75       2.0 0.083283        7.0 0.429819   8.090258 0.482867   4.503443 0.274932
CoCoLasso      CS       additive 1.00       2.0 0.031559        7.0 0.410340  11.515380 0.610168   6.458859 0.231732
CoCoLasso      CS       additive 1.25       1.0 0.049910        5.0 0.440731  15.698413 0.993382   9.713574 0.621992
CoCoLasso      CS multiplicative 0.25       3.0 0.000000       14.0 1.400564   3.829964 0.187793   1.988926 0.104535
CoCoLasso      CS multiplicative 0.50       3.0 0.000000       13.0 0.556650   5.597937 0.316078   3.068755 0.208001
CoCoLasso      CS multiplicative 0.75       2.0 0.044677       11.0 0.572821   9.043967 0.437862   4.763235 0.217354
