nohup: ignoring input

[1/12] CoCoLasso | AR | additive | τ=0.75
  MC=10/100  C=3  IC=4  PE=2.9499  SE=2.5516  (70.3s)
  MC=20/100  C=3  IC=4  PE=3.8700  SE=4.7109  (45.7s)
  MC=30/100  C=2  IC=0  PE=9.0692  SE=7.5850  (66.6s)
  MC=40/100  C=2  IC=0  PE=9.6464  SE=7.3883  (85.8s)
  MC=50/100  C=2  IC=4  PE=9.2257  SE=7.7156  (49.2s)
  MC=60/100  C=2  IC=0  PE=7.4628  SE=6.1254  (63.4s)
  MC=70/100  C=3  IC=22  PE=12.0329  SE=14.2756  (46.2s)
  MC=80/100  C=3  IC=4  PE=2.8502  SE=3.6333  (48.5s)
  MC=90/100  C=2  IC=2  PE=7.1531  SE=5.7152  (84.3s)
  MC=100/100  C=3  IC=12  PE=5.7696  SE=4.8382  (24.3s)
  => C_median=3.0  IC_median=3.0  PE_median=3.8927  SE_median=3.4924  [总耗时: 94.9min]

[2/12] CoCoLasso | AR | additive | τ=1.0
  MC=10/100  C=3  IC=0  PE=6.0779  SE=4.8158  (64.2s)
  MC=20/100  C=2  IC=2  PE=7.8842  SE=7.1778  (62.5s)
  MC=30/100  C=2  IC=1  PE=10.6809  SE=8.6750  (60.1s)
  MC=40/100  C=2  IC=0  PE=13.6236  SE=9.9696  (62.8s)
  MC=50/100  C=2  IC=4  PE=6.2954  SE=7.7336  (62.9s)
/usr/local/lib/python3.10/dist-packages/sklearn/linear_model/_coordinate_descent.py:695: ConvergenceWarning: Objective did not converge. You might want to increase the number of iterations, check the scale of the features or consider increasing regularisation. Duality gap: 5.031e+05, tolerance: 1.627e+02
  model = cd_fast.enet_coordinate_descent(
/usr/local/lib/python3.10/dist-packages/sklearn/linear_model/_coordinate_descent.py:695: ConvergenceWarning: Objective did not converge. You might want to increase the number of iterations, check the scale of the features or consider increasing regularisation. Duality gap: 2.694e+06, tolerance: 1.627e+02
  model = cd_fast.enet_coordinate_descent(
  MC=60/100  C=3  IC=4  PE=5.7631  SE=6.2232  (32.1s)
/usr/local/lib/python3.10/dist-packages/sklearn/linear_model/_coordinate_descent.py:695: ConvergenceWarning: Objective did not converge. You might want to increase the number of iterations, check the scale of the features or consider increasing regularisation. Duality gap: 8.136e+05, tolerance: 1.652e+02
  model = cd_fast.enet_coordinate_descent(
  MC=70/100  C=3  IC=1  PE=5.9541  SE=8.0185  (55.5s)
  MC=80/100  C=3  IC=7  PE=3.7684  SE=4.5754  (36.5s)
  MC=90/100  C=2  IC=4  PE=8.6247  SE=6.7789  (35.3s)
  MC=100/100  C=2  IC=0  PE=13.4173  SE=10.0252  (34.6s)
  => C_median=3.0  IC_median=2.0  PE_median=7.1750  SE_median=6.3918  [总耗时: 183.0min]

[3/12] CoCoLasso | AR | additive | τ=1.25
  MC=10/100  C=3  IC=2  PE=4.5925  SE=3.8680  (39.4s)
  MC=20/100  C=2  IC=5  PE=7.1834  SE=7.1492  (40.6s)
  MC=30/100  C=2  IC=2  PE=10.5906  SE=8.8418  (35.7s)
  MC=40/100  C=1  IC=0  PE=17.6020  SE=12.4830  (41.2s)
  MC=50/100  C=2  IC=3  PE=12.9285  SE=10.5716  (40.8s)
  MC=60/100  C=1  IC=0  PE=9.1323  SE=6.9344  (40.7s)
  MC=70/100  C=3  IC=16  PE=13.8887  SE=19.6700  (38.6s)
  MC=80/100  C=3  IC=7  PE=5.3294  SE=6.0985  (40.7s)
/usr/local/lib/python3.10/dist-packages/sklearn/linear_model/_coordinate_descent.py:695: ConvergenceWarning: Objective did not converge. You might want to increase the number of iterations, check the scale of the features or consider increasing regularisation. Duality gap: 8.960e+02, tolerance: 2.191e+02
  model = cd_fast.enet_coordinate_descent(
/usr/local/lib/python3.10/dist-packages/sklearn/linear_model/_coordinate_descent.py:695: ConvergenceWarning: Objective did not converge. You might want to increase the number of iterations, check the scale of the features or consider increasing regularisation. Duality gap: 2.119e+04, tolerance: 2.191e+02
  model = cd_fast.enet_coordinate_descent(
/usr/local/lib/python3.10/dist-packages/sklearn/linear_model/_coordinate_descent.py:695: ConvergenceWarning: Objective did not converge. You might want to increase the number of iterations, check the scale of the features or consider increasing regularisation. Duality gap: 2.862e+05, tolerance: 2.191e+02
  model = cd_fast.enet_coordinate_descent(
/usr/local/lib/python3.10/dist-packages/sklearn/linear_model/_coordinate_descent.py:695: ConvergenceWarning: Objective did not converge. You might want to increase the number of iterations, check the scale of the features or consider increasing regularisation. Duality gap: 1.351e+06, tolerance: 2.191e+02
  model = cd_fast.enet_coordinate_descent(
  MC=90/100  C=2  IC=3  PE=9.7302  SE=7.3178  (41.1s)
  MC=100/100  C=2  IC=0  PE=15.6910  SE=11.7109  (41.4s)
  => C_median=2.0  IC_median=2.0  PE_median=8.2893  SE_median=7.3627  [总耗时: 252.0min]

[4/12] CoCoLasso | AR | multiplicative | τ=0.25
  MC=10/100  C=3  IC=55  PE=5.9478  SE=6.4621  (26.5s)
  MC=20/100  C=3  IC=4  PE=1.7805  SE=1.2401  (24.0s)
  MC=30/100  C=3  IC=8  PE=1.9344  SE=1.8798  (24.4s)
  MC=40/100  C=3  IC=12  PE=1.1047  SE=0.8804  (26.2s)
  MC=50/100  C=3  IC=67  PE=6.3718  SE=6.6092  (30.0s)
  MC=60/100  C=3  IC=3  PE=1.4138  SE=1.6381  (23.9s)
  MC=70/100  C=3  IC=1  PE=1.0912  SE=0.9944  (26.5s)
  MC=80/100  C=3  IC=29  PE=3.1430  SE=4.1597  (28.7s)
  MC=90/100  C=3  IC=22  PE=2.7992  SE=2.5344  (26.5s)
  MC=100/100  C=3  IC=7  PE=3.4051  SE=2.3039  (27.4s)
  => C_median=3.0  IC_median=8.0  PE_median=1.8307  SE_median=1.6539  [总耗时: 294.7min]

[5/12] CoCoLasso | AR | multiplicative | τ=0.5
  MC=10/100  C=3  IC=17  PE=2.2979  SE=2.9977  (36.5s)
  MC=20/100  C=3  IC=14  PE=4.1487  SE=3.4132  (43.7s)
  MC=30/100  C=3  IC=6  PE=2.4734  SE=2.4127  (42.2s)
  MC=40/100  C=3  IC=23  PE=2.1803  SE=1.9741  (41.8s)
  MC=50/100  C=3  IC=10  PE=3.8554  SE=3.1533  (38.9s)
  MC=60/100  C=3  IC=1  PE=1.6257  SE=1.7383  (48.4s)
  MC=70/100  C=3  IC=16  PE=2.1973  SE=3.0307  (43.4s)
  MC=80/100  C=3  IC=39  PE=6.0886  SE=7.6314  (40.3s)
  MC=90/100  C=3  IC=8  PE=3.0772  SE=3.0590  (39.8s)
  MC=100/100  C=3  IC=4  PE=6.0768  SE=4.4722  (41.9s)
  => C_median=3.0  IC_median=7.0  PE_median=2.6033  SE_median=2.6211  [总耗时: 365.9min]

[6/12] CoCoLasso | AR | multiplicative | τ=0.75
  MC=10/100  C=3  IC=11  PE=3.0279  SE=4.2966  (33.0s)
  MC=20/100  C=3  IC=15  PE=7.9382  SE=6.9692  (39.3s)
  MC=30/100  C=3  IC=8  PE=4.6798  SE=5.6490  (35.3s)
  MC=40/100  C=3  IC=6  PE=4.1775  SE=3.1890  (21.5s)
  MC=50/100  C=2  IC=1  PE=9.3520  SE=8.4599  (36.0s)
  MC=60/100  C=3  IC=10  PE=1.3729  SE=1.6457  (47.9s)
  MC=70/100  C=3  IC=20  PE=4.2139  SE=5.2553  (38.6s)
  MC=80/100  C=3  IC=5  PE=6.6587  SE=7.5793  (32.5s)
  MC=90/100  C=3  IC=8  PE=4.6662  SE=5.0325  (35.4s)
  MC=100/100  C=3  IC=7  PE=7.7036  SE=7.3180  (30.2s)
  => C_median=3.0  IC_median=8.0  PE_median=4.4250  SE_median=4.5623  [总耗时: 426.3min]

[7/12] CoCoLasso | CS | additive | τ=0.75
  MC=10/100  C=3  IC=10  PE=3.6320  SE=6.4307  (43.2s)
  MC=20/100  C=3  IC=13  PE=5.7686  SE=10.3953  (60.5s)
  MC=30/100  C=1  IC=10  PE=5.0653  SE=8.5935  (89.9s)
  MC=40/100  C=2  IC=18  PE=5.4175  SE=10.6473  (45.5s)
  MC=50/100  C=2  IC=17  PE=6.7365  SE=10.4771  (41.6s)
  MC=60/100  C=3  IC=15  PE=3.7559  SE=7.4128  (44.8s)
  MC=70/100  C=3  IC=6  PE=3.0680  SE=6.1179  (75.3s)
  MC=80/100  C=2  IC=9  PE=3.8822  SE=7.0148  (71.5s)
  MC=90/100  C=2  IC=15  PE=5.6702  SE=10.4043  (58.6s)
  MC=100/100  C=1  IC=21  PE=5.8564  SE=11.6173  (42.3s)
  => C_median=2.0  IC_median=10.0  PE_median=4.8760  SE_median=8.5049  [总耗时: 521.9min]

[8/12] CoCoLasso | CS | additive | τ=1.0
  MC=10/100  C=3  IC=13  PE=4.4219  SE=7.7070  (34.5s)
  MC=20/100  C=2  IC=17  PE=6.4677  SE=11.9213  (34.9s)
  MC=30/100  C=1  IC=15  PE=6.7988  SE=11.0905  (34.5s)
  MC=40/100  C=1  IC=19  PE=6.5326  SE=12.6031  (35.4s)
/usr/local/lib/python3.10/dist-packages/sklearn/linear_model/_coordinate_descent.py:695: ConvergenceWarning: Objective did not converge. You might want to increase the number of iterations, check the scale of the features or consider increasing regularisation. Duality gap: 2.649e+02, tolerance: 7.774e+01
  model = cd_fast.enet_coordinate_descent(
/usr/local/lib/python3.10/dist-packages/sklearn/linear_model/_coordinate_descent.py:695: ConvergenceWarning: Objective did not converge. You might want to increase the number of iterations, check the scale of the features or consider increasing regularisation. Duality gap: 2.200e+05, tolerance: 7.774e+01
  model = cd_fast.enet_coordinate_descent(
/usr/local/lib/python3.10/dist-packages/sklearn/linear_model/_coordinate_descent.py:695: ConvergenceWarning: Objective did not converge. You might want to increase the number of iterations, check the scale of the features or consider increasing regularisation. Duality gap: 1.140e+06, tolerance: 7.774e+01
  model = cd_fast.enet_coordinate_descent(
/usr/local/lib/python3.10/dist-packages/sklearn/linear_model/_coordinate_descent.py:695: ConvergenceWarning: Objective did not converge. You might want to increase the number of iterations, check the scale of the features or consider increasing regularisation. Duality gap: 2.189e+06, tolerance: 7.774e+01
  model = cd_fast.enet_coordinate_descent(
/usr/local/lib/python3.10/dist-packages/sklearn/linear_model/_coordinate_descent.py:695: ConvergenceWarning: Objective did not converge. You might want to increase the number of iterations, check the scale of the features or consider increasing regularisation. Duality gap: 9.522e+05, tolerance: 9.349e+00
  model = cd_fast.enet_coordinate_descent(
/usr/local/lib/python3.10/dist-packages/sklearn/linear_model/_coordinate_descent.py:695: ConvergenceWarning: Objective did not converge. You might want to increase the number of iterations, check the scale of the features or consider increasing regularisation. Duality gap: 1.562e+06, tolerance: 1.208e+01
  model = cd_fast.enet_coordinate_descent(
/usr/local/lib/python3.10/dist-packages/sklearn/linear_model/_coordinate_descent.py:695: ConvergenceWarning: Objective did not converge. You might want to increase the number of iterations, check the scale of the features or consider increasing regularisation. Duality gap: 8.470e+05, tolerance: 8.458e+00
  model = cd_fast.enet_coordinate_descent(
/usr/local/lib/python3.10/dist-packages/sklearn/linear_model/_coordinate_descent.py:695: ConvergenceWarning: Objective did not converge. You might want to increase the number of iterations, check the scale of the features or consider increasing regularisation. Duality gap: 6.619e+05, tolerance: 8.032e+00
  model = cd_fast.enet_coordinate_descent(
/usr/local/lib/python3.10/dist-packages/sklearn/linear_model/_coordinate_descent.py:695: ConvergenceWarning: Objective did not converge. You might want to increase the number of iterations, check the scale of the features or consider increasing regularisation. Duality gap: 3.140e+06, tolerance: 7.774e+01
  model = cd_fast.enet_coordinate_descent(
/usr/local/lib/python3.10/dist-packages/sklearn/linear_model/_coordinate_descent.py:695: ConvergenceWarning: Objective did not converge. You might want to increase the number of iterations, check the scale of the features or consider increasing regularisation. Duality gap: 2.780e+04, tolerance: 8.907e+01
  model = cd_fast.enet_coordinate_descent(
/usr/local/lib/python3.10/dist-packages/sklearn/linear_model/_coordinate_descent.py:695: ConvergenceWarning: Objective did not converge. You might want to increase the number of iterations, check the scale of the features or consider increasing regularisation. Duality gap: 6.106e+05, tolerance: 8.907e+01
  model = cd_fast.enet_coordinate_descent(
/usr/local/lib/python3.10/dist-packages/sklearn/linear_model/_coordinate_descent.py:695: ConvergenceWarning: Objective did not converge. You might want to increase the number of iterations, check the scale of the features or consider increasing regularisation. Duality gap: 2.123e+06, tolerance: 8.907e+01
  model = cd_fast.enet_coordinate_descent(
  MC=50/100  C=2  IC=15  PE=8.1946  SE=12.4061  (38.3s)
  MC=60/100  C=1  IC=12  PE=4.7359  SE=9.4445  (37.1s)
/usr/local/lib/python3.10/dist-packages/sklearn/linear_model/_coordinate_descent.py:695: ConvergenceWarning: Objective did not converge. You might want to increase the number of iterations, check the scale of the features or consider increasing regularisation. Duality gap: 4.689e+05, tolerance: 9.818e+01
  model = cd_fast.enet_coordinate_descent(
/usr/local/lib/python3.10/dist-packages/sklearn/linear_model/_coordinate_descent.py:695: ConvergenceWarning: Objective did not converge. You might want to increase the number of iterations, check the scale of the features or consider increasing regularisation. Duality gap: 2.116e+06, tolerance: 9.818e+01
  model = cd_fast.enet_coordinate_descent(
/usr/local/lib/python3.10/dist-packages/sklearn/linear_model/_coordinate_descent.py:695: ConvergenceWarning: Objective did not converge. You might want to increase the number of iterations, check the scale of the features or consider increasing regularisation. Duality gap: 4.504e+06, tolerance: 9.818e+01
  model = cd_fast.enet_coordinate_descent(
/usr/local/lib/python3.10/dist-packages/sklearn/linear_model/_coordinate_descent.py:695: ConvergenceWarning: Objective did not converge. You might want to increase the number of iterations, check the scale of the features or consider increasing regularisation. Duality gap: 2.113e+06, tolerance: 1.828e+01
  model = cd_fast.enet_coordinate_descent(
/usr/local/lib/python3.10/dist-packages/sklearn/linear_model/_coordinate_descent.py:695: ConvergenceWarning: Objective did not converge. You might want to increase the number of iterations, check the scale of the features or consider increasing regularisation. Duality gap: 2.129e+06, tolerance: 1.692e+01
  model = cd_fast.enet_coordinate_descent(
/usr/local/lib/python3.10/dist-packages/sklearn/linear_model/_coordinate_descent.py:695: ConvergenceWarning: Objective did not converge. You might want to increase the number of iterations, check the scale of the features or consider increasing regularisation. Duality gap: 1.477e+06, tolerance: 1.314e+01
  model = cd_fast.enet_coordinate_descent(
/usr/local/lib/python3.10/dist-packages/sklearn/linear_model/_coordinate_descent.py:695: ConvergenceWarning: Objective did not converge. You might want to increase the number of iterations, check the scale of the features or consider increasing regularisation. Duality gap: 3.093e+06, tolerance: 2.376e+01
  model = cd_fast.enet_coordinate_descent(
/usr/local/lib/python3.10/dist-packages/sklearn/linear_model/_coordinate_descent.py:695: ConvergenceWarning: Objective did not converge. You might want to increase the number of iterations, check the scale of the features or consider increasing regularisation. Duality gap: 2.101e+06, tolerance: 1.671e+01
  model = cd_fast.enet_coordinate_descent(
/usr/local/lib/python3.10/dist-packages/sklearn/linear_model/_coordinate_descent.py:695: ConvergenceWarning: Objective did not converge. You might want to increase the number of iterations, check the scale of the features or consider increasing regularisation. Duality gap: 7.359e+06, tolerance: 9.818e+01
  model = cd_fast.enet_coordinate_descent(
/usr/local/lib/python3.10/dist-packages/sklearn/linear_model/_coordinate_descent.py:695: ConvergenceWarning: Objective did not converge. You might want to increase the number of iterations, check the scale of the features or consider increasing regularisation. Duality gap: 2.116e+06, tolerance: 1.828e+01
  model = cd_fast.enet_coordinate_descent(
/usr/local/lib/python3.10/dist-packages/sklearn/linear_model/_coordinate_descent.py:695: ConvergenceWarning: Objective did not converge. You might want to increase the number of iterations, check the scale of the features or consider increasing regularisation. Duality gap: 3.396e+06, tolerance: 1.692e+01
  model = cd_fast.enet_coordinate_descent(
/usr/local/lib/python3.10/dist-packages/sklearn/linear_model/_coordinate_descent.py:695: ConvergenceWarning: Objective did not converge. You might want to increase the number of iterations, check the scale of the features or consider increasing regularisation. Duality gap: 2.068e+06, tolerance: 1.314e+01
  model = cd_fast.enet_coordinate_descent(
/usr/local/lib/python3.10/dist-packages/sklearn/linear_model/_coordinate_descent.py:695: ConvergenceWarning: Objective did not converge. You might want to increase the number of iterations, check the scale of the features or consider increasing regularisation. Duality gap: 1.871e+06, tolerance: 2.376e+01
  model = cd_fast.enet_coordinate_descent(
/usr/local/lib/python3.10/dist-packages/sklearn/linear_model/_coordinate_descent.py:695: ConvergenceWarning: Objective did not converge. You might want to increase the number of iterations, check the scale of the features or consider increasing regularisation. Duality gap: 1.462e+06, tolerance: 1.671e+01
  model = cd_fast.enet_coordinate_descent(
/usr/local/lib/python3.10/dist-packages/sklearn/linear_model/_coordinate_descent.py:695: ConvergenceWarning: Objective did not converge. You might want to increase the number of iterations, check the scale of the features or consider increasing regularisation. Duality gap: 1.004e+07, tolerance: 9.818e+01
  model = cd_fast.enet_coordinate_descent(
/usr/local/lib/python3.10/dist-packages/sklearn/linear_model/_coordinate_descent.py:695: ConvergenceWarning: Objective did not converge. You might want to increase the number of iterations, check the scale of the features or consider increasing regularisation. Duality gap: 1.545e+06, tolerance: 1.828e+01
  model = cd_fast.enet_coordinate_descent(
/usr/local/lib/python3.10/dist-packages/sklearn/linear_model/_coordinate_descent.py:695: ConvergenceWarning: Objective did not converge. You might want to increase the number of iterations, check the scale of the features or consider increasing regularisation. Duality gap: 2.700e+06, tolerance: 1.692e+01
  model = cd_fast.enet_coordinate_descent(
/usr/local/lib/python3.10/dist-packages/sklearn/linear_model/_coordinate_descent.py:695: ConvergenceWarning: Objective did not converge. You might want to increase the number of iterations, check the scale of the features or consider increasing regularisation. Duality gap: 1.600e+06, tolerance: 1.314e+01
  model = cd_fast.enet_coordinate_descent(
/usr/local/lib/python3.10/dist-packages/sklearn/linear_model/_coordinate_descent.py:695: ConvergenceWarning: Objective did not converge. You might want to increase the number of iterations, check the scale of the features or consider increasing regularisation. Duality gap: 3.244e+06, tolerance: 2.376e+01
  model = cd_fast.enet_coordinate_descent(
/usr/local/lib/python3.10/dist-packages/sklearn/linear_model/_coordinate_descent.py:695: ConvergenceWarning: Objective did not converge. You might want to increase the number of iterations, check the scale of the features or consider increasing regularisation. Duality gap: 2.081e+06, tolerance: 1.671e+01
  model = cd_fast.enet_coordinate_descent(
/usr/local/lib/python3.10/dist-packages/sklearn/linear_model/_coordinate_descent.py:695: ConvergenceWarning: Objective did not converge. You might want to increase the number of iterations, check the scale of the features or consider increasing regularisation. Duality gap: 1.200e+07, tolerance: 9.818e+01
  model = cd_fast.enet_coordinate_descent(
/usr/local/lib/python3.10/dist-packages/sklearn/linear_model/_coordinate_descent.py:695: ConvergenceWarning: Objective did not converge. You might want to increase the number of iterations, check the scale of the features or consider increasing regularisation. Duality gap: 2.240e+06, tolerance: 1.828e+01
  model = cd_fast.enet_coordinate_descent(
/usr/local/lib/python3.10/dist-packages/sklearn/linear_model/_coordinate_descent.py:695: ConvergenceWarning: Objective did not converge. You might want to increase the number of iterations, check the scale of the features or consider increasing regularisation. Duality gap: 2.247e+06, tolerance: 1.692e+01
  model = cd_fast.enet_coordinate_descent(
/usr/local/lib/python3.10/dist-packages/sklearn/linear_model/_coordinate_descent.py:695: ConvergenceWarning: Objective did not converge. You might want to increase the number of iterations, check the scale of the features or consider increasing regularisation. Duality gap: 2.741e+06, tolerance: 1.314e+01
  model = cd_fast.enet_coordinate_descent(
/usr/local/lib/python3.10/dist-packages/sklearn/linear_model/_coordinate_descent.py:695: ConvergenceWarning: Objective did not converge. You might want to increase the number of iterations, check the scale of the features or consider increasing regularisation. Duality gap: 4.680e+06, tolerance: 2.376e+01
  model = cd_fast.enet_coordinate_descent(
/usr/local/lib/python3.10/dist-packages/sklearn/linear_model/_coordinate_descent.py:695: ConvergenceWarning: Objective did not converge. You might want to increase the number of iterations, check the scale of the features or consider increasing regularisation. Duality gap: 3.372e+06, tolerance: 1.671e+01
  model = cd_fast.enet_coordinate_descent(
/usr/local/lib/python3.10/dist-packages/sklearn/linear_model/_coordinate_descent.py:695: ConvergenceWarning: Objective did not converge. You might want to increase the number of iterations, check the scale of the features or consider increasing regularisation. Duality gap: 1.352e+07, tolerance: 9.818e+01
  model = cd_fast.enet_coordinate_descent(
/usr/local/lib/python3.10/dist-packages/sklearn/linear_model/_coordinate_descent.py:695: ConvergenceWarning: Objective did not converge. You might want to increase the number of iterations, check the scale of the features or consider increasing regularisation. Duality gap: 3.519e+06, tolerance: 1.828e+01
  model = cd_fast.enet_coordinate_descent(
/usr/local/lib/python3.10/dist-packages/sklearn/linear_model/_coordinate_descent.py:695: ConvergenceWarning: Objective did not converge. You might want to increase the number of iterations, check the scale of the features or consider increasing regularisation. Duality gap: 2.226e+06, tolerance: 1.692e+01
  model = cd_fast.enet_coordinate_descent(
/usr/local/lib/python3.10/dist-packages/sklearn/linear_model/_coordinate_descent.py:695: ConvergenceWarning: Objective did not converge. You might want to increase the number of iterations, check the scale of the features or consider increasing regularisation. Duality gap: 3.266e+06, tolerance: 1.314e+01
  model = cd_fast.enet_coordinate_descent(
/usr/local/lib/python3.10/dist-packages/sklearn/linear_model/_coordinate_descent.py:695: ConvergenceWarning: Objective did not converge. You might want to increase the number of iterations, check the scale of the features or consider increasing regularisation. Duality gap: 1.930e+06, tolerance: 2.376e+01
  model = cd_fast.enet_coordinate_descent(
/usr/local/lib/python3.10/dist-packages/sklearn/linear_model/_coordinate_descent.py:695: ConvergenceWarning: Objective did not converge. You might want to increase the number of iterations, check the scale of the features or consider increasing regularisation. Duality gap: 3.971e+06, tolerance: 1.671e+01
  model = cd_fast.enet_coordinate_descent(
/usr/local/lib/python3.10/dist-packages/sklearn/linear_model/_coordinate_descent.py:695: ConvergenceWarning: Objective did not converge. You might want to increase the number of iterations, check the scale of the features or consider increasing regularisation. Duality gap: 1.456e+07, tolerance: 9.818e+01
  model = cd_fast.enet_coordinate_descent(
/usr/local/lib/python3.10/dist-packages/sklearn/linear_model/_coordinate_descent.py:695: ConvergenceWarning: Objective did not converge. You might want to increase the number of iterations, check the scale of the features or consider increasing regularisation. Duality gap: 3.098e+06, tolerance: 1.828e+01
  model = cd_fast.enet_coordinate_descent(
/usr/local/lib/python3.10/dist-packages/sklearn/linear_model/_coordinate_descent.py:695: ConvergenceWarning: Objective did not converge. You might want to increase the number of iterations, check the scale of the features or consider increasing regularisation. Duality gap: 3.856e+06, tolerance: 1.692e+01
  model = cd_fast.enet_coordinate_descent(
/usr/local/lib/python3.10/dist-packages/sklearn/linear_model/_coordinate_descent.py:695: ConvergenceWarning: Objective did not converge. You might want to increase the number of iterations, check the scale of the features or consider increasing regularisation. Duality gap: 3.206e+06, tolerance: 1.314e+01
  model = cd_fast.enet_coordinate_descent(
/usr/local/lib/python3.10/dist-packages/sklearn/linear_model/_coordinate_descent.py:695: ConvergenceWarning: Objective did not converge. You might want to increase the number of iterations, check the scale of the features or consider increasing regularisation. Duality gap: 3.493e+06, tolerance: 2.376e+01
  model = cd_fast.enet_coordinate_descent(
/usr/local/lib/python3.10/dist-packages/sklearn/linear_model/_coordinate_descent.py:695: ConvergenceWarning: Objective did not converge. You might want to increase the number of iterations, check the scale of the features or consider increasing regularisation. Duality gap: 4.768e+06, tolerance: 1.671e+01
  model = cd_fast.enet_coordinate_descent(
/usr/local/lib/python3.10/dist-packages/sklearn/linear_model/_coordinate_descent.py:695: ConvergenceWarning: Objective did not converge. You might want to increase the number of iterations, check the scale of the features or consider increasing regularisation. Duality gap: 1.615e+07, tolerance: 9.818e+01
  model = cd_fast.enet_coordinate_descent(
  MC=70/100  C=2  IC=12  PE=5.8597  SE=11.6627  (36.2s)
  MC=80/100  C=2  IC=7  PE=4.2253  SE=7.6406  (34.9s)
  MC=90/100  C=2  IC=16  PE=7.2073  SE=12.8643  (35.6s)
/usr/local/lib/python3.10/dist-packages/sklearn/linear_model/_coordinate_descent.py:695: ConvergenceWarning: Objective did not converge. You might want to increase the number of iterations, check the scale of the features or consider increasing regularisation. Duality gap: 8.848e+03, tolerance: 6.669e+01
  model = cd_fast.enet_coordinate_descent(
/usr/local/lib/python3.10/dist-packages/sklearn/linear_model/_coordinate_descent.py:695: ConvergenceWarning: Objective did not converge. You might want to increase the number of iterations, check the scale of the features or consider increasing regularisation. Duality gap: 8.145e+05, tolerance: 6.669e+01
  model = cd_fast.enet_coordinate_descent(
/usr/local/lib/python3.10/dist-packages/sklearn/linear_model/_coordinate_descent.py:695: ConvergenceWarning: Objective did not converge. You might want to increase the number of iterations, check the scale of the features or consider increasing regularisation. Duality gap: 1.703e+06, tolerance: 6.669e+01
  model = cd_fast.enet_coordinate_descent(
  MC=100/100  C=1  IC=15  PE=8.2614  SE=15.9247  (37.0s)
  => C_median=2.0  IC_median=12.0  PE_median=6.5694  SE_median=11.8179  [总耗时: 591.8min]

[9/12] CoCoLasso | CS | additive | τ=1.25
  MC=10/100  C=3  IC=11  PE=4.9985  SE=7.9072  (38.8s)
  MC=20/100  C=2  IC=8  PE=8.4250  SE=15.2186  (46.3s)
  MC=30/100  C=1  IC=7  PE=13.5659  SE=14.2558  (46.4s)
  MC=40/100  C=1  IC=16  PE=9.5974  SE=17.0972  (41.2s)
  MC=50/100  C=1  IC=12  PE=8.5594  SE=13.6882  (45.8s)
  MC=60/100  C=1  IC=15  PE=5.3667  SE=10.0050  (45.7s)
  MC=70/100  C=2  IC=9  PE=5.3935  SE=10.7574  (43.9s)
  MC=80/100  C=2  IC=5  PE=4.2918  SE=7.9935  (44.8s)
  MC=90/100  C=1  IC=13  PE=9.2253  SE=16.5323  (45.1s)
  MC=100/100  C=1  IC=15  PE=9.2542  SE=18.2443  (43.0s)
  => C_median=1.0  IC_median=9.0  PE_median=8.2834  SE_median=14.2913  [总耗时: 665.5min]

[10/12] CoCoLasso | CS | multiplicative | τ=0.25
  MC=10/100  C=3  IC=10  PE=1.5247  SE=2.8972  (27.3s)
  MC=20/100  C=3  IC=10  PE=2.1068  SE=3.6883  (26.8s)
  MC=30/100  C=3  IC=10  PE=2.5727  SE=3.9705  (29.2s)
  MC=40/100  C=3  IC=24  PE=3.5283  SE=6.9696  (27.2s)
  MC=50/100  C=3  IC=11  PE=3.0857  SE=4.6656  (29.3s)
  MC=60/100  C=3  IC=13  PE=1.1572  SE=2.3100  (26.6s)
  MC=70/100  C=3  IC=12  PE=2.2987  SE=4.2855  (25.2s)
  MC=80/100  C=2  IC=22  PE=3.1195  SE=6.2372  (27.2s)
  MC=90/100  C=3  IC=16  PE=2.4990  SE=4.9885  (25.3s)
  MC=100/100  C=2  IC=12  PE=2.6648  SE=5.2871  (27.4s)
  => C_median=3.0  IC_median=13.0  PE_median=1.9877  SE_median=3.6979  [总耗时: 710.6min]

[11/12] CoCoLasso | CS | multiplicative | τ=0.5
  MC=10/100  C=3  IC=13  PE=2.4420  SE=4.5194  (51.3s)
  MC=20/100  C=2  IC=18  PE=4.2176  SE=8.2520  (47.8s)
  MC=30/100  C=3  IC=18  PE=4.2406  SE=6.5963  (34.8s)
  MC=40/100  C=3  IC=19  PE=4.4512  SE=8.9017  (45.0s)
  MC=50/100  C=3  IC=13  PE=3.7927  SE=6.2409  (38.2s)
  MC=60/100  C=3  IC=15  PE=2.1967  SE=4.3608  (42.8s)
  MC=70/100  C=2  IC=17  PE=3.6961  SE=7.0168  (44.1s)
  MC=80/100  C=2  IC=20  PE=5.1216  SE=10.1922  (42.1s)
  MC=90/100  C=2  IC=28  PE=3.8849  SE=7.7356  (41.3s)
  MC=100/100  C=2  IC=11  PE=2.5848  SE=4.5012  (47.0s)
  => C_median=3.0  IC_median=14.0  PE_median=3.2349  SE_median=6.1994  [总耗时: 781.8min]

[12/12] CoCoLasso | CS | multiplicative | τ=0.75
  MC=10/100  C=2  IC=13  PE=4.4184  SE=8.6293  (32.6s)
  MC=20/100  C=2  IC=17  PE=6.6802  SE=12.8266  (40.0s)
  MC=30/100  C=3  IC=18  PE=6.3043  SE=10.7595  (28.7s)
  MC=40/100  C=3  IC=12  PE=7.1763  SE=13.9369  (29.7s)
  MC=50/100  C=3  IC=17  PE=4.6702  SE=7.7940  (39.1s)
  MC=60/100  C=3  IC=20  PE=6.7460  SE=13.4782  (29.4s)
  MC=70/100  C=2  IC=18  PE=6.0808  SE=11.7623  (32.4s)
  MC=80/100  C=1  IC=14  PE=6.1138  SE=12.0554  (42.3s)
  MC=90/100  C=1  IC=29  PE=5.6772  SE=11.3162  (35.9s)
  MC=100/100  C=2  IC=16  PE=3.1508  SE=5.6031  (40.6s)
  => C_median=3.0  IC_median=16.0  PE_median=4.9136  SE_median=9.2831  [总耗时: 835.8min]

结果已保存至: /root/git_projects/cocolasso/results/simulation_results.csv
   Method CovType      ErrorType  Tau  C_median     C_se  IC_median    IC_se  PE_median    PE_se  SE_median    SE_se
CoCoLasso      AR       additive 0.75       3.0 0.000000        3.0 0.513859   3.892711 0.198692   3.492354 0.222359
CoCoLasso      AR       additive 1.00       3.0 0.168556        2.0 0.402416   7.175029 0.413987   6.391836 0.345785
CoCoLasso      AR       additive 1.25       2.0 0.291361        2.0 0.466116   8.289320 0.553206   7.362733 0.273901
CoCoLasso      AR multiplicative 0.25       3.0 0.000000        8.0 0.968196   1.830710 0.058942   1.653894 0.103331
CoCoLasso      AR multiplicative 0.50       3.0 0.000000        7.0 0.825287   2.603255 0.139540   2.621098 0.155325
CoCoLasso      AR multiplicative 0.75       3.0 0.000000        8.0 0.602581   4.425049 0.216035   4.562279 0.301136
CoCoLasso      CS       additive 0.75       2.0 0.458558       10.0 0.783211   4.875991 0.284569   8.504926 0.521727
CoCoLasso      CS       additive 1.00       2.0 0.000000       12.0 0.652021   6.569406 0.317616  11.817888 0.396203
CoCoLasso      CS       additive 1.25       1.0 0.394462        9.0 0.704389   8.283366 0.255061  14.291289 0.482911
CoCoLasso      CS multiplicative 0.25       3.0 0.000000       13.0 0.664364   1.987683 0.105052   3.697886 0.197471
CoCoLasso      CS multiplicative 0.50       3.0 0.000000       14.0 0.766746   3.234866 0.227204   6.199360 0.393495
CoCoLasso      CS multiplicative 0.75       3.0 0.472520       16.0 0.624903   4.913600 0.226978   9.283066 0.430987
