nohup: ignoring input

[1/12] CoCoLasso | AR | additive | τ=0.75
  MC=10/100  C=3  IC=4  PE=1.9242  SE=2.0569  (38.0s)
  MC=20/100  C=3  IC=4  PE=4.0861  SE=4.8522  (39.2s)
  MC=30/100  C=2  IC=0  PE=6.8207  SE=6.1524  (40.7s)
  MC=40/100  C=2  IC=0  PE=9.3794  SE=7.2072  (35.4s)
  MC=50/100  C=2  IC=2  PE=7.1646  SE=6.3487  (42.9s)
  MC=60/100  C=3  IC=2  PE=5.2471  SE=6.2547  (40.5s)
  MC=70/100  C=3  IC=14  PE=7.4464  SE=9.7611  (40.4s)
  MC=80/100  C=3  IC=4  PE=3.1673  SE=5.5211  (35.0s)
  MC=90/100  C=2  IC=3  PE=6.9367  SE=5.8225  (35.7s)
  MC=100/100  C=3  IC=4  PE=4.9235  SE=3.9413  (38.6s)
  => C_median=3.0  IC_median=2.0  PE_median=2.8645  SE_median=2.9795  [总耗时: 66.0min]

[2/12] CoCoLasso | AR | additive | τ=1.0
  MC=10/100  C=3  IC=3  PE=2.7421  SE=2.9245  (45.1s)
  MC=20/100  C=2  IC=3  PE=5.3455  SE=6.0337  (45.3s)
  MC=30/100  C=2  IC=0  PE=8.4671  SE=7.2951  (41.8s)
  MC=40/100  C=2  IC=0  PE=12.1880  SE=8.9070  (42.3s)
  MC=50/100  C=2  IC=3  PE=8.3779  SE=7.7033  (43.8s)
  MC=60/100  C=1  IC=0  PE=7.4493  SE=6.3016  (45.0s)
  MC=70/100  C=3  IC=4  PE=5.4329  SE=9.7013  (43.4s)
  MC=80/100  C=3  IC=4  PE=4.0038  SE=6.3949  (46.9s)
  MC=90/100  C=2  IC=2  PE=6.7613  SE=5.5415  (45.7s)
  MC=100/100  C=2  IC=0  PE=10.9996  SE=8.3907  (46.5s)
  => C_median=3.0  IC_median=2.0  PE_median=5.0997  SE_median=4.9534  [总耗时: 139.2min]

[3/12] CoCoLasso | AR | additive | τ=1.25
  MC=10/100  C=2  IC=0  PE=4.4549  SE=4.4712  (40.9s)
  MC=20/100  C=2  IC=2  PE=5.5200  SE=6.3605  (43.3s)
  MC=30/100  C=2  IC=1  PE=10.9158  SE=8.8253  (41.8s)
  MC=40/100  C=0  IC=0  PE=21.2500  SE=15.2500  (41.5s)
  MC=50/100  C=2  IC=3  PE=10.0882  SE=9.2471  (41.1s)
  MC=60/100  C=1  IC=0  PE=9.4459  SE=7.0910  (40.7s)
  MC=70/100  C=2  IC=0  PE=7.2315  SE=11.3466  (41.4s)
  MC=80/100  C=1  IC=3  PE=5.6678  SE=7.5555  (54.3s)
  MC=90/100  C=2  IC=1  PE=7.9271  SE=6.2022  (55.9s)
  MC=100/100  C=2  IC=0  PE=17.8034  SE=13.0510  (61.6s)
  => C_median=2.0  IC_median=1.0  PE_median=7.2520  SE_median=6.8852  [总耗时: 215.8min]

[4/12] CoCoLasso | AR | multiplicative | τ=0.25
  MC=10/100  C=3  IC=58  PE=6.6837  SE=7.1352  (37.3s)
  MC=20/100  C=3  IC=10  PE=1.4455  SE=1.0948  (17.2s)
  MC=30/100  C=3  IC=27  PE=2.3364  SE=2.2572  (21.4s)
  MC=40/100  C=3  IC=13  PE=1.0989  SE=0.8755  (15.8s)
  MC=50/100  C=3  IC=53  PE=5.1284  SE=5.1653  (37.2s)
  MC=60/100  C=3  IC=2  PE=1.5603  SE=1.8546  (13.1s)
  MC=70/100  C=3  IC=9  PE=0.7247  SE=0.7894  (13.5s)
  MC=80/100  C=3  IC=27  PE=2.9517  SE=4.0354  (20.0s)
  MC=90/100  C=3  IC=23  PE=2.8644  SE=2.6182  (16.2s)
  MC=100/100  C=3  IC=6  PE=3.2784  SE=2.2241  (11.8s)
  => C_median=3.0  IC_median=12.0  PE_median=1.8395  SE_median=1.7323  [总耗时: 244.2min]

[5/12] CoCoLasso | AR | multiplicative | τ=0.5
  MC=10/100  C=3  IC=20  PE=2.4627  SE=3.1390  (24.0s)
  MC=20/100  C=3  IC=14  PE=4.1305  SE=3.3676  (19.0s)
  MC=30/100  C=3  IC=8  PE=2.5053  SE=2.5744  (21.3s)
  MC=40/100  C=3  IC=26  PE=2.4355  SE=2.2724  (21.4s)
  MC=50/100  C=3  IC=14  PE=3.6350  SE=2.9367  (23.8s)
  MC=60/100  C=3  IC=2  PE=1.8800  SE=2.0649  (18.6s)
  MC=70/100  C=3  IC=14  PE=2.0210  SE=2.8364  (19.1s)
  MC=80/100  C=3  IC=28  PE=6.5774  SE=8.4559  (26.8s)
  MC=90/100  C=3  IC=9  PE=3.0676  SE=3.0581  (20.2s)
  MC=100/100  C=3  IC=4  PE=5.2380  SE=3.9284  (15.6s)
  => C_median=3.0  IC_median=9.0  PE_median=2.5646  SE_median=2.6461  [总耗时: 279.4min]

[6/12] CoCoLasso | AR | multiplicative | τ=0.75
  MC=10/100  C=3  IC=5  PE=3.1458  SE=4.7433  (18.6s)
  MC=20/100  C=3  IC=12  PE=8.2471  SE=6.3762  (19.8s)
  MC=30/100  C=3  IC=8  PE=5.3114  SE=5.3594  (19.3s)
  MC=40/100  C=3  IC=0  PE=5.4262  SE=4.0375  (15.7s)
  MC=50/100  C=2  IC=1  PE=8.5259  SE=8.2738  (21.3s)
  MC=60/100  C=3  IC=6  PE=1.5403  SE=1.8106  (19.4s)
  MC=70/100  C=3  IC=15  PE=3.2644  SE=4.5187  (17.2s)
  MC=80/100  C=3  IC=5  PE=5.8210  SE=7.2570  (21.5s)
  MC=90/100  C=3  IC=6  PE=4.9769  SE=5.1838  (18.4s)
  MC=100/100  C=2  IC=10  PE=7.2308  SE=8.0259  (16.1s)
  => C_median=3.0  IC_median=5.0  PE_median=4.3344  SE_median=4.3550  [总耗时: 311.5min]

[7/12] CoCoLasso | CS | additive | τ=0.75
  MC=10/100  C=3  IC=6  PE=4.0968  SE=7.4070  (63.9s)
  MC=20/100  C=2  IC=10  PE=5.1191  SE=9.4820  (80.5s)
  MC=30/100  C=1  IC=11  PE=4.7788  SE=8.7187  (55.5s)
  MC=40/100  C=1  IC=14  PE=5.0479  SE=10.0930  (62.9s)
  MC=50/100  C=2  IC=10  PE=5.8276  SE=8.9714  (59.1s)
  MC=60/100  C=3  IC=9  PE=3.7152  SE=7.4223  (58.1s)
  MC=70/100  C=3  IC=5  PE=3.0452  SE=6.0891  (64.0s)
  MC=80/100  C=2  IC=4  PE=2.7634  SE=5.2788  (64.3s)
  MC=90/100  C=2  IC=11  PE=4.5644  SE=8.6970  (54.8s)
  MC=100/100  C=1  IC=16  PE=6.1304  SE=11.7670  (64.6s)
  => C_median=2.0  IC_median=7.0  PE_median=4.5034  SE_median=8.0903  [总耗时: 409.6min]

[8/12] CoCoLasso | CS | additive | τ=1.0
  MC=10/100  C=3  IC=6  PE=5.2449  SE=9.3534  (60.8s)
  MC=20/100  C=2  IC=8  PE=7.5028  SE=13.6331  (62.4s)
  MC=30/100  C=1  IC=9  PE=6.8907  SE=10.3553  (47.4s)
  MC=40/100  C=1  IC=13  PE=5.6185  SE=11.2366  (59.5s)
  MC=50/100  C=2  IC=10  PE=6.8409  SE=10.8479  (56.8s)
  MC=60/100  C=1  IC=11  PE=4.1139  SE=8.2036  (54.9s)
  MC=70/100  C=2  IC=7  PE=5.1573  SE=10.3005  (63.4s)
  MC=80/100  C=2  IC=5  PE=3.3525  SE=6.2172  (57.3s)
  MC=90/100  C=1  IC=8  PE=7.9196  SE=14.5646  (54.9s)
  MC=100/100  C=1  IC=11  PE=7.7788  SE=15.0499  (58.8s)
  => C_median=2.0  IC_median=7.0  PE_median=6.4589  SE_median=11.5154  [总耗时: 500.5min]

[9/12] CoCoLasso | CS | additive | τ=1.25
  MC=10/100  C=2  IC=3  PE=6.2676  SE=7.3127  (42.1s)
  MC=20/100  C=2  IC=5  PE=11.4976  SE=20.6761  (49.8s)
  MC=30/100  C=1  IC=4  PE=19.3636  SE=16.2326  (37.7s)
  MC=40/100  C=0  IC=9  PE=11.4911  SE=20.2100  (48.7s)
  MC=50/100  C=2  IC=6  PE=12.5737  SE=14.3015  (43.4s)
  MC=60/100  C=1  IC=8  PE=5.6453  SE=10.0377  (43.2s)
  MC=70/100  C=2  IC=4  PE=6.6623  SE=13.0158  (63.5s)
  MC=80/100  C=2  IC=5  PE=3.9762  SE=7.5381  (49.5s)
  MC=90/100  C=1  IC=7  PE=11.4332  SE=21.9409  (49.8s)
  MC=100/100  C=0  IC=7  PE=14.6767  SE=22.1421  (46.5s)
  => C_median=1.0  IC_median=5.0  PE_median=9.7136  SE_median=15.6984  [总耗时: 576.2min]

[10/12] CoCoLasso | CS | multiplicative | τ=0.25
  MC=10/100  C=3  IC=11  PE=1.4594  SE=2.8498  (35.4s)
  MC=20/100  C=3  IC=14  PE=1.9681  SE=3.6204  (39.0s)
  MC=30/100  C=3  IC=10  PE=2.5633  SE=3.9550  (35.3s)
  MC=40/100  C=3  IC=19  PE=3.3076  SE=6.5339  (62.4s)
  MC=50/100  C=3  IC=11  PE=2.9757  SE=4.5937  (28.6s)
  MC=60/100  C=3  IC=14  PE=1.1695  SE=2.3342  (42.8s)
  MC=70/100  C=3  IC=10  PE=2.3826  SE=4.4584  (27.7s)
  MC=80/100  C=2  IC=21  PE=2.9460  SE=5.8877  (48.8s)
  MC=90/100  C=3  IC=21  PE=2.4601  SE=4.8944  (46.2s)
  MC=100/100  C=2  IC=11  PE=2.5213  SE=5.0363  (40.1s)
  => C_median=3.0  IC_median=14.0  PE_median=1.9889  SE_median=3.8300  [总耗时: 653.4min]

[11/12] CoCoLasso | CS | multiplicative | τ=0.5
  MC=10/100  C=3  IC=12  PE=2.4531  SE=4.4898  (39.4s)
  MC=20/100  C=2  IC=20  PE=4.2403  SE=8.2817  (65.7s)
  MC=30/100  C=3  IC=13  PE=3.6972  SE=5.9307  (33.9s)
  MC=40/100  C=3  IC=20  PE=4.5147  SE=9.0291  (63.4s)
  MC=50/100  C=3  IC=12  PE=3.8702  SE=6.1296  (33.3s)
  MC=60/100  C=3  IC=13  PE=1.9542  SE=3.8414  (44.6s)
  MC=70/100  C=2  IC=15  PE=2.9439  SE=5.5637  (40.6s)
  MC=80/100  C=1  IC=16  PE=5.2328  SE=10.4389  (53.0s)
  MC=90/100  C=2  IC=22  PE=3.7789  SE=7.5129  (54.9s)
  MC=100/100  C=2  IC=9  PE=2.5208  SE=4.2964  (31.3s)
  => C_median=3.0  IC_median=13.0  PE_median=3.0688  SE_median=5.5979  [总耗时: 726.7min]

[12/12] CoCoLasso | CS | multiplicative | τ=0.75
  MC=10/100  C=2  IC=13  PE=4.4453  SE=8.5842  (36.8s)
  MC=20/100  C=1  IC=13  PE=6.3404  SE=12.1941  (44.9s)
  MC=30/100  C=3  IC=9  PE=6.2093  SE=11.0454  (32.8s)
  MC=40/100  C=3  IC=12  PE=7.2543  SE=14.2055  (33.8s)
  MC=50/100  C=3  IC=15  PE=4.5145  SE=7.4429  (32.9s)
  MC=60/100  C=3  IC=14  PE=5.5748  SE=11.0926  (42.5s)
  MC=70/100  C=1  IC=9  PE=5.6906  SE=10.2341  (34.8s)
  MC=80/100  C=1  IC=13  PE=6.0592  SE=11.9355  (45.3s)
  MC=90/100  C=1  IC=16  PE=6.0557  SE=11.7381  (52.4s)
  MC=100/100  C=2  IC=5  PE=2.7157  SE=5.0233  (26.2s)
  => C_median=2.0  IC_median=11.0  PE_median=4.7632  SE_median=9.0440  [总耗时: 783.5min]

结果已保存至: /root/git_projects/cocolasso/results/simulation_results.csv
   Method CovType      ErrorType  Tau  C_median     C_se  IC_median    IC_se  PE_median    PE_se  SE_median    SE_se
CoCoLasso      AR       additive 0.75       3.0 0.000000        2.0 0.506434   2.864508 0.242001   2.979513 0.257017
CoCoLasso      AR       additive 1.00       3.0 0.143234        2.0 0.346541   5.099665 0.333546   4.953365 0.323684
CoCoLasso      AR       additive 1.25       2.0 0.000000        1.0 0.230009   7.251974 0.467916   6.885179 0.351800
CoCoLasso      AR multiplicative 0.25       3.0 0.000000       12.0 1.457618   1.839492 0.098892   1.732338 0.124537
CoCoLasso      AR multiplicative 0.50       3.0 0.000000        9.0 1.175798   2.564554 0.162483   2.646117 0.169510
CoCoLasso      AR multiplicative 0.75       3.0 0.000000        5.0 0.659948   4.334372 0.267139   4.355024 0.233868
CoCoLasso      CS       additive 0.75       2.0 0.083283        7.0 0.429819   4.503443 0.263747   8.090258 0.489134
CoCoLasso      CS       additive 1.00       2.0 0.031559        7.0 0.410340   6.458859 0.238111  11.515380 0.615685
CoCoLasso      CS       additive 1.25       1.0 0.049910        5.0 0.440731   9.713574 0.651744  15.698413 0.964821
CoCoLasso      CS multiplicative 0.25       3.0 0.000000       14.0 1.400564   1.988926 0.097360   3.829964 0.196349
CoCoLasso      CS multiplicative 0.50       3.0 0.000000       13.0 0.556650   3.068755 0.205775   5.597937 0.327278
CoCoLasso      CS multiplicative 0.75       2.0 0.044677       11.0 0.572821   4.763235 0.219734   9.043967 0.453335
